<?xml version="1.0" encoding="UTF-8"?>
<testsuite id="ts-st-participant-trustlist" xmlns="http://www.gitb.com/tdl/v1/" xmlns:gitb="http://www.gitb.com/core/v1/" xmlns:xsi="http://www.w3.org/2001/XMLSchema-instance">
	<metadata>
		<gitb:name>Participant accessing Trustlist</gitb:name>
		<gitb:version>1.0</gitb:version>
		<gitb:description></gitb:description>
		<gitb:documentation import="docs/mTLS.html" />
	</metadata>
	<actors>
		<gitb:actor id="simulatedTrustNetworkParticipant">
			<gitb:name>Trust Network Participant simulated by the Test Bed</gitb:name>
			<gitb:desc>The Interoperability Test Bed is assumed to be an actor of the Trust Network thus is a simulated participant.</gitb:desc>
		</gitb:actor>
		<gitb:actor id="trustNetworkAnchor">
			<gitb:name>Trust Network Anchor</gitb:name>
			<gitb:desc>Trust Network Anchor which receives and distributes PKI-material within a Trust Network. Also called the Gateway of the key network to manage keys. Also called Trust Network Gateway (TNG).</gitb:desc>
		</gitb:actor>
	</actors>

	<testcase id="get-DID-keys"/>
	<testcase id="test-mTLS-connection"/>
</testsuite>
