<?xml version="1.0" encoding="UTF-8"?>
<testsuite id="ts-st-participant-keyshare" xmlns="http://www.gitb.com/tdl/v1/" xmlns:gitb="http://www.gitb.com/core/v1/" xmlns:xsi="http://www.w3.org/2001/XMLSchema-instance">
	<metadata>
		<gitb:name>[Placeholder] Participant key share</gitb:name>
		<gitb:version>1.0</gitb:version>
		<gitb:description>Uploading the key of the Participant to the GDHCN. At the moment this is part of the Onboarding</gitb:description>
		<gitb:documentation import="docs/mTLS.html" />
	</metadata>
</testsuite>
